[2021-05-30T13:39:54.429-0900][gc,heap] Heap region size: 1M
[2021-05-30T13:39:54.439-0900][gc     ] Using G1
[2021-05-30T13:39:54.439-0900][gc,heap,coops] Heap address: 0x00000007c0000000, size: 1024 MB, Compressed Oops mode: Zero based, Oop shift amount: 3
[2021-05-30T13:40:00.590-0900][gc,start     ] GC(0) Pause Young (Concurrent Start) (Metadata GC Threshold)
[2021-05-30T13:40:00.591-0900][gc,task      ] GC(0) Using 8 workers of 8 for evacuation
[2021-05-30T13:40:00.599-0900][gc,phases    ] GC(0)   Pre Evacuate Collection Set: 0.0ms
[2021-05-30T13:40:00.599-0900][gc,phases    ] GC(0)   Evacuate Collection Set: 6.9ms
[2021-05-30T13:40:00.599-0900][gc,phases    ] GC(0)   Post Evacuate Collection Set: 0.6ms
[2021-05-30T13:40:00.599-0900][gc,phases    ] GC(0)   Other: 1.1ms
[2021-05-30T13:40:00.599-0900][gc,heap      ] GC(0) Eden regions: 42->0(44)
[2021-05-30T13:40:00.599-0900][gc,heap      ] GC(0) Survivor regions: 0->7(7)
[2021-05-30T13:40:00.599-0900][gc,heap      ] GC(0) Old regions: 0->0
[2021-05-30T13:40:00.599-0900][gc,heap      ] GC(0) Humongous regions: 0->0
[2021-05-30T13:40:00.599-0900][gc,metaspace ] GC(0) Metaspace: 20683K->20683K(1069056K)
[2021-05-30T13:40:00.599-0900][gc           ] GC(0) Pause Young (Concurrent Start) (Metadata GC Threshold) 41M->6M(1024M) 8.851ms
[2021-05-30T13:40:00.599-0900][gc,cpu       ] GC(0) User=0.03s Sys=0.01s Real=0.00s
[2021-05-30T13:40:00.599-0900][gc           ] GC(1) Concurrent Cycle
[2021-05-30T13:40:00.599-0900][gc,marking   ] GC(1) Concurrent Clear Claimed Marks
[2021-05-30T13:40:00.600-0900][gc,marking   ] GC(1) Concurrent Clear Claimed Marks 0.049ms
[2021-05-30T13:40:00.600-0900][gc,marking   ] GC(1) Concurrent Scan Root Regions
[2021-05-30T13:40:00.601-0900][gc,marking   ] GC(1) Concurrent Scan Root Regions 1.933ms
[2021-05-30T13:40:00.602-0900][gc,marking   ] GC(1) Concurrent Mark (6.181s)
[2021-05-30T13:40:00.602-0900][gc,marking   ] GC(1) Concurrent Mark From Roots
[2021-05-30T13:40:00.602-0900][gc,task      ] GC(1) Using 2 workers of 2 for marking
[2021-05-30T13:40:00.602-0900][gc,marking   ] GC(1) Concurrent Mark From Roots 0.195ms
[2021-05-30T13:40:00.602-0900][gc,marking   ] GC(1) Concurrent Preclean
[2021-05-30T13:40:00.602-0900][gc,marking   ] GC(1) Concurrent Preclean 0.038ms
[2021-05-30T13:40:00.602-0900][gc,marking   ] GC(1) Concurrent Mark (6.181s, 6.182s) 0.369ms
[2021-05-30T13:40:00.602-0900][gc,start     ] GC(1) Pause Remark
[2021-05-30T13:40:00.604-0900][gc,stringtable] GC(1) Cleaned string and symbol table, strings: 7227 processed, 0 removed, symbols: 63467 processed, 32 removed
[2021-05-30T13:40:00.605-0900][gc            ] GC(1) Pause Remark 7M->7M(1024M) 2.295ms
[2021-05-30T13:40:00.605-0900][gc,cpu        ] GC(1) User=0.01s Sys=0.00s Real=0.00s
[2021-05-30T13:40:00.605-0900][gc,marking    ] GC(1) Concurrent Rebuild Remembered Sets
[2021-05-30T13:40:00.605-0900][gc,marking    ] GC(1) Concurrent Rebuild Remembered Sets 0.064ms
[2021-05-30T13:40:00.605-0900][gc,start      ] GC(1) Pause Cleanup
[2021-05-30T13:40:00.605-0900][gc            ] GC(1) Pause Cleanup 7M->7M(1024M) 0.169ms
[2021-05-30T13:40:00.605-0900][gc,cpu        ] GC(1) User=0.00s Sys=0.00s Real=0.00s
[2021-05-30T13:40:00.605-0900][gc,marking    ] GC(1) Concurrent Cleanup for Next Mark
[2021-05-30T13:40:00.611-0900][gc,marking    ] GC(1) Concurrent Cleanup for Next Mark 6.180ms
[2021-05-30T13:40:00.611-0900][gc            ] GC(1) Concurrent Cycle 12.103ms
[2021-05-30T13:40:02.077-0900][gc,start      ] GC(2) Pause Young (Normal) (G1 Evacuation Pause)
[2021-05-30T13:40:02.077-0900][gc,task       ] GC(2) Using 8 workers of 8 for evacuation
[2021-05-30T13:40:02.086-0900][gc,phases     ] GC(2)   Pre Evacuate Collection Set: 0.0ms
[2021-05-30T13:40:02.086-0900][gc,phases     ] GC(2)   Evacuate Collection Set: 8.4ms
[2021-05-30T13:40:02.086-0900][gc,phases     ] GC(2)   Post Evacuate Collection Set: 0.6ms
[2021-05-30T13:40:02.086-0900][gc,phases     ] GC(2)   Other: 0.3ms
[2021-05-30T13:40:02.086-0900][gc,heap       ] GC(2) Eden regions: 44->0(48)
[2021-05-30T13:40:02.086-0900][gc,heap       ] GC(2) Survivor regions: 7->3(7)
[2021-05-30T13:40:02.086-0900][gc,heap       ] GC(2) Old regions: 0->7
[2021-05-30T13:40:02.086-0900][gc,heap       ] GC(2) Humongous regions: 129->129
[2021-05-30T13:40:02.086-0900][gc,metaspace  ] GC(2) Metaspace: 30566K->30566K(1077248K)
[2021-05-30T13:40:02.086-0900][gc            ] GC(2) Pause Young (Normal) (G1 Evacuation Pause) 179M->137M(1024M) 9.470ms
[2021-05-30T13:40:02.086-0900][gc,cpu        ] GC(2) User=0.04s Sys=0.01s Real=0.01s
[2021-05-30T13:40:02.494-0900][gc,start      ] GC(3) Pause Young (Concurrent Start) (Metadata GC Threshold)
[2021-05-30T13:40:02.494-0900][gc,task       ] GC(3) Using 8 workers of 8 for evacuation
[2021-05-30T13:40:02.499-0900][gc,phases     ] GC(3)   Pre Evacuate Collection Set: 0.1ms
[2021-05-30T13:40:02.499-0900][gc,phases     ] GC(3)   Evacuate Collection Set: 4.2ms
[2021-05-30T13:40:02.499-0900][gc,phases     ] GC(3)   Post Evacuate Collection Set: 0.3ms
[2021-05-30T13:40:02.499-0900][gc,phases     ] GC(3)   Other: 0.2ms
[2021-05-30T13:40:02.499-0900][gc,heap       ] GC(3) Eden regions: 24->0(47)
[2021-05-30T13:40:02.499-0900][gc,heap       ] GC(3) Survivor regions: 3->4(7)
[2021-05-30T13:40:02.499-0900][gc,heap       ] GC(3) Old regions: 7->7
[2021-05-30T13:40:02.499-0900][gc,heap       ] GC(3) Humongous regions: 129->129
[2021-05-30T13:40:02.499-0900][gc,metaspace  ] GC(3) Metaspace: 34788K->34788K(1081344K)
[2021-05-30T13:40:02.499-0900][gc            ] GC(3) Pause Young (Concurrent Start) (Metadata GC Threshold) 161M->139M(1024M) 4.856ms
[2021-05-30T13:40:02.499-0900][gc,cpu        ] GC(3) User=0.02s Sys=0.00s Real=0.00s
[2021-05-30T13:40:02.499-0900][gc            ] GC(4) Concurrent Cycle
[2021-05-30T13:40:02.499-0900][gc,marking    ] GC(4) Concurrent Clear Claimed Marks
[2021-05-30T13:40:02.499-0900][gc,marking    ] GC(4) Concurrent Clear Claimed Marks 0.069ms
[2021-05-30T13:40:02.499-0900][gc,marking    ] GC(4) Concurrent Scan Root Regions
[2021-05-30T13:40:02.501-0900][gc,marking    ] GC(4) Concurrent Scan Root Regions 2.547ms
[2021-05-30T13:40:02.501-0900][gc,marking    ] GC(4) Concurrent Mark (8.081s)
[2021-05-30T13:40:02.501-0900][gc,marking    ] GC(4) Concurrent Mark From Roots
[2021-05-30T13:40:02.501-0900][gc,task       ] GC(4) Using 2 workers of 2 for marking
[2021-05-30T13:40:02.506-0900][gc,marking    ] GC(4) Concurrent Mark From Roots 4.863ms
[2021-05-30T13:40:02.506-0900][gc,marking    ] GC(4) Concurrent Preclean
[2021-05-30T13:40:02.506-0900][gc,marking    ] GC(4) Concurrent Preclean 0.089ms
[2021-05-30T13:40:02.507-0900][gc,marking    ] GC(4) Concurrent Mark (8.081s, 8.086s) 5.036ms
[2021-05-30T13:40:02.507-0900][gc,start      ] GC(4) Pause Remark
[2021-05-30T13:40:02.509-0900][gc,stringtable] GC(4) Cleaned string and symbol table, strings: 11718 processed, 9 removed, symbols: 94574 processed, 29 removed
[2021-05-30T13:40:02.509-0900][gc            ] GC(4) Pause Remark 139M->139M(1024M) 2.333ms
[2021-05-30T13:40:02.509-0900][gc,cpu        ] GC(4) User=0.01s Sys=0.00s Real=0.00s
[2021-05-30T13:40:02.509-0900][gc,marking    ] GC(4) Concurrent Rebuild Remembered Sets
[2021-05-30T13:40:02.513-0900][gc,marking    ] GC(4) Concurrent Rebuild Remembered Sets 3.476ms
[2021-05-30T13:40:02.513-0900][gc,start      ] GC(4) Pause Cleanup
[2021-05-30T13:40:02.513-0900][gc            ] GC(4) Pause Cleanup 140M->140M(1024M) 0.158ms
[2021-05-30T13:40:02.513-0900][gc,cpu        ] GC(4) User=0.00s Sys=0.00s Real=0.00s
[2021-05-30T13:40:02.513-0900][gc,marking    ] GC(4) Concurrent Cleanup for Next Mark
[2021-05-30T13:40:02.522-0900][gc,marking    ] GC(4) Concurrent Cleanup for Next Mark 8.781ms
[2021-05-30T13:40:02.522-0900][gc            ] GC(4) Concurrent Cycle 22.984ms
[2021-05-30T13:41:36.092-0900][gc,start      ] GC(5) Pause Young (Normal) (G1 Evacuation Pause)
[2021-05-30T13:41:36.092-0900][gc,task       ] GC(5) Using 8 workers of 8 for evacuation
[2021-05-30T13:41:36.099-0900][gc,phases     ] GC(5)   Pre Evacuate Collection Set: 0.1ms
[2021-05-30T13:41:36.099-0900][gc,phases     ] GC(5)   Evacuate Collection Set: 5.8ms
[2021-05-30T13:41:36.099-0900][gc,phases     ] GC(5)   Post Evacuate Collection Set: 0.6ms
[2021-05-30T13:41:36.099-0900][gc,phases     ] GC(5)   Other: 0.5ms
[2021-05-30T13:41:36.099-0900][gc,heap       ] GC(5) Eden regions: 47->0(46)
[2021-05-30T13:41:36.099-0900][gc,heap       ] GC(5) Survivor regions: 4->5(7)
[2021-05-30T13:41:36.099-0900][gc,heap       ] GC(5) Old regions: 7->9
[2021-05-30T13:41:36.099-0900][gc,heap       ] GC(5) Humongous regions: 129->129
[2021-05-30T13:41:36.099-0900][gc,metaspace  ] GC(5) Metaspace: 44232K->44232K(1089536K)
[2021-05-30T13:41:36.099-0900][gc            ] GC(5) Pause Young (Normal) (G1 Evacuation Pause) 186M->142M(1024M) 7.185ms
[2021-05-30T13:41:36.099-0900][gc,cpu        ] GC(5) User=0.04s Sys=0.00s Real=0.00s
[2021-05-30T13:47:58.423-0900][gc,start      ] GC(6) Pause Young (Normal) (G1 Evacuation Pause)
[2021-05-30T13:47:58.424-0900][gc,task       ] GC(6) Using 8 workers of 8 for evacuation
[2021-05-30T13:47:58.429-0900][gc,phases     ] GC(6)   Pre Evacuate Collection Set: 0.0ms
[2021-05-30T13:47:58.429-0900][gc,phases     ] GC(6)   Evacuate Collection Set: 4.2ms
[2021-05-30T13:47:58.429-0900][gc,phases     ] GC(6)   Post Evacuate Collection Set: 0.6ms
[2021-05-30T13:47:58.429-0900][gc,phases     ] GC(6)   Other: 1.1ms
[2021-05-30T13:47:58.429-0900][gc,heap       ] GC(6) Eden regions: 46->0(45)
[2021-05-30T13:47:58.429-0900][gc,heap       ] GC(6) Survivor regions: 5->6(7)
[2021-05-30T13:47:58.429-0900][gc,heap       ] GC(6) Old regions: 9->11
[2021-05-30T13:47:58.429-0900][gc,heap       ] GC(6) Humongous regions: 129->129
[2021-05-30T13:47:58.429-0900][gc,metaspace  ] GC(6) Metaspace: 49500K->49500K(1093632K)
[2021-05-30T13:47:58.429-0900][gc            ] GC(6) Pause Young (Normal) (G1 Evacuation Pause) 188M->145M(1024M) 6.023ms
[2021-05-30T13:47:58.429-0900][gc,cpu        ] GC(6) User=0.03s Sys=0.01s Real=0.00s
